[debug] [2024-02-24T07:08:27.925Z] ----------------------------------------------------------------------
[debug] [2024-02-24T07:08:27.927Z] Command:       C:\Program Files\nodejs\node.exe C:\Users\admin\AppData\Roaming\npm\node_modules\firebase-tools\lib\bin\firebase.js deploy
[debug] [2024-02-24T07:08:27.927Z] CLI Version:   13.0.3
[debug] [2024-02-24T07:08:27.927Z] Platform:      win32
[debug] [2024-02-24T07:08:27.927Z] Node Version:  v19.6.1
[debug] [2024-02-24T07:08:27.927Z] Time:          Fri Feb 23 2024 23:08:27 GMT-0800 (Pacific Standard Time)
[debug] [2024-02-24T07:08:27.928Z] ----------------------------------------------------------------------
[debug] 
[debug] [2024-02-24T07:08:27.974Z] > command requires scopes: ["email","openid","https://www.googleapis.com/auth/cloudplatformprojects.readonly","https://www.googleapis.com/auth/firebase","https://www.googleapis.com/auth/cloud-platform"]
[debug] [2024-02-24T07:08:27.974Z] > authorizing via signed-in user (bryant.j.kwong@gmail.com)
[debug] [2024-02-24T07:08:27.974Z] [iam] checking project drink-mixer-v2 for permissions ["cloudfunctions.functions.create","cloudfunctions.functions.delete","cloudfunctions.functions.get","cloudfunctions.functions.list","cloudfunctions.functions.update","cloudfunctions.operations.get","firebase.projects.get","firebasehosting.sites.update"]
[debug] [2024-02-24T07:08:27.976Z] >>> [apiv2][query] POST https://cloudresourcemanager.googleapis.com/v1/projects/drink-mixer-v2:testIamPermissions [none]
[debug] [2024-02-24T07:08:27.976Z] >>> [apiv2][(partial)header] POST https://cloudresourcemanager.googleapis.com/v1/projects/drink-mixer-v2:testIamPermissions x-goog-quota-user=projects/drink-mixer-v2
[debug] [2024-02-24T07:08:27.976Z] >>> [apiv2][body] POST https://cloudresourcemanager.googleapis.com/v1/projects/drink-mixer-v2:testIamPermissions {"permissions":["cloudfunctions.functions.create","cloudfunctions.functions.delete","cloudfunctions.functions.get","cloudfunctions.functions.list","cloudfunctions.functions.update","cloudfunctions.operations.get","firebase.projects.get","firebasehosting.sites.update"]}
[debug] [2024-02-24T07:08:28.269Z] <<< [apiv2][status] POST https://cloudresourcemanager.googleapis.com/v1/projects/drink-mixer-v2:testIamPermissions 200
[debug] [2024-02-24T07:08:28.269Z] <<< [apiv2][body] POST https://cloudresourcemanager.googleapis.com/v1/projects/drink-mixer-v2:testIamPermissions {"permissions":["cloudfunctions.functions.create","cloudfunctions.functions.delete","cloudfunctions.functions.get","cloudfunctions.functions.list","cloudfunctions.functions.update","cloudfunctions.operations.get","firebase.projects.get","firebasehosting.sites.update"]}
[debug] [2024-02-24T07:08:28.270Z] >>> [apiv2][query] POST https://iam.googleapis.com/v1/projects/drink-mixer-v2/serviceAccounts/drink-mixer-v2@appspot.gserviceaccount.com:testIamPermissions [none]
[debug] [2024-02-24T07:08:28.270Z] >>> [apiv2][body] POST https://iam.googleapis.com/v1/projects/drink-mixer-v2/serviceAccounts/drink-mixer-v2@appspot.gserviceaccount.com:testIamPermissions {"permissions":["iam.serviceAccounts.actAs"]}
[debug] [2024-02-24T07:08:28.692Z] <<< [apiv2][status] POST https://iam.googleapis.com/v1/projects/drink-mixer-v2/serviceAccounts/drink-mixer-v2@appspot.gserviceaccount.com:testIamPermissions 200
[debug] [2024-02-24T07:08:28.693Z] <<< [apiv2][body] POST https://iam.googleapis.com/v1/projects/drink-mixer-v2/serviceAccounts/drink-mixer-v2@appspot.gserviceaccount.com:testIamPermissions {"permissions":["iam.serviceAccounts.actAs"]}
[debug] [2024-02-24T07:08:28.694Z] >>> [apiv2][query] GET https://firebase.googleapis.com/v1beta1/projects/drink-mixer-v2 [none]
[debug] [2024-02-24T07:08:29.011Z] <<< [apiv2][status] GET https://firebase.googleapis.com/v1beta1/projects/drink-mixer-v2 200
[debug] [2024-02-24T07:08:29.011Z] <<< [apiv2][body] GET https://firebase.googleapis.com/v1beta1/projects/drink-mixer-v2 {"projectId":"drink-mixer-v2","projectNumber":"329785306953","displayName":"Drink Mixer","name":"projects/drink-mixer-v2","resources":{"hostingSite":"drink-mixer-v2"},"state":"ACTIVE","etag":"1_132b6425-a48d-4afd-910b-854cd718995f"}
[debug] [2024-02-24T07:08:31.872Z] >>> [apiv2][query] GET https://firebasehosting.googleapis.com/v1beta1/projects/drink-mixer-v2/sites pageToken=&pageSize=10
[debug] [2024-02-24T07:08:32.780Z] <<< [apiv2][status] GET https://firebasehosting.googleapis.com/v1beta1/projects/drink-mixer-v2/sites 200
[debug] [2024-02-24T07:08:32.780Z] <<< [apiv2][body] GET https://firebasehosting.googleapis.com/v1beta1/projects/drink-mixer-v2/sites {"sites":[{"name":"projects/drink-mixer-v2/sites/drink-mixer-v2","defaultUrl":"https://drink-mixer-v2.web.app","type":"DEFAULT_SITE"}]}
[debug] [2024-02-24T07:08:32.781Z] >>> [apiv2][query] GET https://firebasehosting.googleapis.com/v1beta1/projects/drink-mixer-v2/sites 
[debug] [2024-02-24T07:08:33.264Z] <<< [apiv2][status] GET https://firebasehosting.googleapis.com/v1beta1/projects/drink-mixer-v2/sites 200
[debug] [2024-02-24T07:08:33.264Z] <<< [apiv2][body] GET https://firebasehosting.googleapis.com/v1beta1/projects/drink-mixer-v2/sites {"sites":[{"name":"projects/drink-mixer-v2/sites/drink-mixer-v2","defaultUrl":"https://drink-mixer-v2.web.app","type":"DEFAULT_SITE"}]}
[debug] [2024-02-24T07:08:33.265Z] >>> [apiv2][query] GET https://firebase.googleapis.com/v1beta1/projects/drink-mixer-v2/webApps/-/config [none]
[debug] [2024-02-24T07:08:33.601Z] <<< [apiv2][status] GET https://firebase.googleapis.com/v1beta1/projects/drink-mixer-v2/webApps/-/config 200
[debug] [2024-02-24T07:08:33.601Z] <<< [apiv2][body] GET https://firebase.googleapis.com/v1beta1/projects/drink-mixer-v2/webApps/-/config {"projectId":"drink-mixer-v2","appId":"1:329785306953:web:34a5436ad3f9fae8d7b498","storageBucket":"drink-mixer-v2.appspot.com","apiKey":"AIzaSyAzf9BJ6wFE6EVD3CdDyDY0GSfKh8CiLS8","authDomain":"drink-mixer-v2.firebaseapp.com","messagingSenderId":"329785306953","measurementId":"G-42TG7NND4D"}
[info] 
   Thank you for trying our early preview of Next.js support on Firebase Hosting.
   During the preview, support is best-effort and breaking changes can be expected. Proceed with caution.
   The integration is known to work with Next.js version 12 - 14.0. You may encounter errors.

   Documentation: https://firebase.google.com/docs/hosting/frameworks/nextjs
   File a bug: https://github.com/firebase/firebase-tools/issues/new?template=bug_report.md
   Submit a feature request: https://github.com/firebase/firebase-tools/issues/new?template=feature_request.md

   We'd love to learn from you. Express your interest in helping us shape the future of Firebase Hosting: https://goo.gle/41enW5X

[debug] [2024-02-24T07:08:39.614Z] >>> [apiv2][query] GET https://firebasehosting.googleapis.com/v1beta1/projects/drink-mixer-v2/sites/drink-mixer-v2 [none]
[debug] [2024-02-24T07:08:40.279Z] <<< [apiv2][status] GET https://firebasehosting.googleapis.com/v1beta1/projects/drink-mixer-v2/sites/drink-mixer-v2 200
[debug] [2024-02-24T07:08:40.279Z] <<< [apiv2][body] GET https://firebasehosting.googleapis.com/v1beta1/projects/drink-mixer-v2/sites/drink-mixer-v2 {"name":"projects/drink-mixer-v2/sites/drink-mixer-v2","defaultUrl":"https://drink-mixer-v2.web.app","type":"DEFAULT_SITE"}
[info]    ▲ Next.js 14.1.0

[info]    - Environments: .env.local


[info]    Creating an optimized production build ...

[info]  ✓ Compiled successfully

[info]    Linting and checking validity of types ...

[info] 
Failed to compile.

[info] 
./components/title.jsx
15:14  Error: `'` can be escaped with `&apos;`, `&lsquo;`, `&#39;`, `&rsquo;`.  react/no-unescaped-entities
15:73  Error: `'` can be escaped with `&apos;`, `&lsquo;`, `&#39;`, `&rsquo;`.  react/no-unescaped-entities

info  - Need to disable some ESLint rules? Learn more here: https://nextjs.org/docs/basic-features/eslint#disabling-rules

[debug] [2024-02-24T07:08:51.477Z] Error: ENOENT: no such file or directory, open 'C:\Users\admin\Downloads\Code\drinkmixer\.next\export-marker.json'
[error] 
[error] Error: An unexpected error has occurred.
